[2026-05-11T08:45:59.072+0000] {manager.py:470} INFO - Processing files using up to 2 processes at a time 
[2026-05-11T08:45:59.073+0000] {manager.py:471} INFO - Process each file at most once every 30 seconds
[2026-05-11T08:45:59.074+0000] {manager.py:472} INFO - Checking for new files in /opt/airflow/dags every 300 seconds
[2026-05-11T08:45:59.075+0000] {manager.py:737} INFO - Searching for files in /opt/airflow/dags
[2026-05-11T08:45:59.082+0000] {manager.py:740} INFO - There are 1 files in /opt/airflow/dags
[2026-05-11T08:45:59.183+0000] {manager.py:878} INFO - 
================================================================================
DAG File Processing Stats

File Path                           PID  Runtime      # DAGs    # Errors  Last Runtime    Last Run
--------------------------------  -----  ---------  --------  ----------  --------------  ----------
/opt/airflow/dags/newsbot_dag.py    172  0.04s             0           0
================================================================================
[2026-05-11T08:46:29.365+0000] {manager.py:878} INFO - 
================================================================================
DAG File Processing Stats

File Path                         PID    Runtime      # DAGs    # Errors  Last Runtime    Last Run
--------------------------------  -----  ---------  --------  ----------  --------------  -------------------
/opt/airflow/dags/newsbot_dag.py                           1           0  0.51s           2026-05-11T08:45:59
================================================================================
[2026-05-11T08:47:00.077+0000] {manager.py:878} INFO - 
================================================================================
DAG File Processing Stats

File Path                           PID  Runtime      # DAGs    # Errors  Last Runtime    Last Run
--------------------------------  -----  ---------  --------  ----------  --------------  -------------------
/opt/airflow/dags/newsbot_dag.py    182  0.00s             1           0  0.15s           2026-05-11T08:46:29
================================================================================
[2026-05-11T08:47:30.451+0000] {manager.py:878} INFO - 
================================================================================
DAG File Processing Stats

File Path                           PID  Runtime      # DAGs    # Errors  Last Runtime    Last Run
--------------------------------  -----  ---------  --------  ----------  --------------  -------------------
/opt/airflow/dags/newsbot_dag.py    187  0.00s             1           0  0.16s           2026-05-11T08:47:00
================================================================================
[2026-05-11T08:48:00.723+0000] {manager.py:878} INFO - 
================================================================================
DAG File Processing Stats

File Path                           PID  Runtime      # DAGs    # Errors  Last Runtime    Last Run
--------------------------------  -----  ---------  --------  ----------  --------------  -------------------
/opt/airflow/dags/newsbot_dag.py    192  0.00s             1           0  0.18s           2026-05-11T08:47:30
================================================================================
[2026-05-11T08:48:31.170+0000] {manager.py:878} INFO - 
================================================================================
DAG File Processing Stats

File Path                           PID  Runtime      # DAGs    # Errors  Last Runtime    Last Run
--------------------------------  -----  ---------  --------  ----------  --------------  -------------------
/opt/airflow/dags/newsbot_dag.py    197  0.00s             1           0  0.16s           2026-05-11T08:48:00
================================================================================
[2026-05-11T08:49:01.428+0000] {manager.py:878} INFO - 
================================================================================
DAG File Processing Stats

File Path                         PID    Runtime      # DAGs    # Errors  Last Runtime    Last Run
--------------------------------  -----  ---------  --------  ----------  --------------  -------------------
/opt/airflow/dags/newsbot_dag.py                           1           0  0.32s           2026-05-11T08:48:31
================================================================================
[2026-05-11T08:49:31.947+0000] {manager.py:878} INFO - 
================================================================================
DAG File Processing Stats

File Path                         PID    Runtime      # DAGs    # Errors  Last Runtime    Last Run
--------------------------------  -----  ---------  --------  ----------  --------------  -------------------
/opt/airflow/dags/newsbot_dag.py                           1           0  0.32s           2026-05-11T08:49:02
================================================================================
[2026-05-11T08:50:02.500+0000] {manager.py:878} INFO - 
================================================================================
DAG File Processing Stats

File Path                         PID    Runtime      # DAGs    # Errors  Last Runtime    Last Run
--------------------------------  -----  ---------  --------  ----------  --------------  -------------------
/opt/airflow/dags/newsbot_dag.py                           1           0  0.29s           2026-05-11T08:49:32
================================================================================
[2026-05-11T08:50:32.996+0000] {manager.py:878} INFO - 
================================================================================
DAG File Processing Stats

File Path                         PID    Runtime      # DAGs    # Errors  Last Runtime    Last Run
--------------------------------  -----  ---------  --------  ----------  --------------  -------------------
/opt/airflow/dags/newsbot_dag.py                           1           0  0.24s           2026-05-11T08:50:03
================================================================================
[2026-05-11T08:50:59.557+0000] {manager.py:737} INFO - Searching for files in /opt/airflow/dags
[2026-05-11T08:50:59.585+0000] {manager.py:740} INFO - There are 1 files in /opt/airflow/dags
[2026-05-11T08:51:03.652+0000] {manager.py:878} INFO - 
================================================================================
DAG File Processing Stats

File Path                           PID  Runtime      # DAGs    # Errors  Last Runtime    Last Run
--------------------------------  -----  ---------  --------  ----------  --------------  -------------------
/opt/airflow/dags/newsbot_dag.py    226  0.00s             1           0  0.17s           2026-05-11T08:50:33
================================================================================
[2026-05-11T08:51:34.006+0000] {manager.py:878} INFO - 
================================================================================
DAG File Processing Stats

File Path                           PID  Runtime      # DAGs    # Errors  Last Runtime    Last Run
--------------------------------  -----  ---------  --------  ----------  --------------  -------------------
/opt/airflow/dags/newsbot_dag.py    231  0.00s             1           0  0.18s           2026-05-11T08:51:03
================================================================================
[2026-05-11T08:52:04.269+0000] {manager.py:878} INFO - 
================================================================================
DAG File Processing Stats

File Path                           PID  Runtime      # DAGs    # Errors  Last Runtime    Last Run
--------------------------------  -----  ---------  --------  ----------  --------------  -------------------
/opt/airflow/dags/newsbot_dag.py    236  0.00s             1           0  0.18s           2026-05-11T08:51:34
================================================================================
[2026-05-11T08:52:34.684+0000] {manager.py:878} INFO - 
================================================================================
DAG File Processing Stats

File Path                           PID  Runtime      # DAGs    # Errors  Last Runtime    Last Run
--------------------------------  -----  ---------  --------  ----------  --------------  -------------------
/opt/airflow/dags/newsbot_dag.py    241  0.01s             1           0  0.18s           2026-05-11T08:52:04
================================================================================
[2026-05-11T08:53:04.930+0000] {manager.py:878} INFO - 
================================================================================
DAG File Processing Stats

File Path                           PID  Runtime      # DAGs    # Errors  Last Runtime    Last Run
--------------------------------  -----  ---------  --------  ----------  --------------  -------------------
/opt/airflow/dags/newsbot_dag.py    246  0.00s             1           0  0.20s           2026-05-11T08:52:34
================================================================================
[2026-05-11T08:53:35.175+0000] {manager.py:878} INFO - 
================================================================================
DAG File Processing Stats

File Path                           PID  Runtime      # DAGs    # Errors  Last Runtime    Last Run
--------------------------------  -----  ---------  --------  ----------  --------------  -------------------
/opt/airflow/dags/newsbot_dag.py    251  0.00s             1           0  0.12s           2026-05-11T08:53:05
================================================================================
[2026-05-11T08:54:05.556+0000] {manager.py:878} INFO - 
================================================================================
DAG File Processing Stats

File Path                           PID  Runtime      # DAGs    # Errors  Last Runtime    Last Run
--------------------------------  -----  ---------  --------  ----------  --------------  -------------------
/opt/airflow/dags/newsbot_dag.py    256  0.01s             1           0  0.17s           2026-05-11T08:53:35
================================================================================
[2026-05-11T08:54:35.825+0000] {manager.py:878} INFO - 
================================================================================
DAG File Processing Stats

File Path                           PID  Runtime      # DAGs    # Errors  Last Runtime    Last Run
--------------------------------  -----  ---------  --------  ----------  --------------  -------------------
/opt/airflow/dags/newsbot_dag.py    261  0.00s             1           0  0.16s           2026-05-11T08:54:05
================================================================================
[2026-05-11T08:55:06.198+0000] {manager.py:878} INFO - 
================================================================================
DAG File Processing Stats

File Path                           PID  Runtime      # DAGs    # Errors  Last Runtime    Last Run
--------------------------------  -----  ---------  --------  ----------  --------------  -------------------
/opt/airflow/dags/newsbot_dag.py    266  0.00s             1           0  0.12s           2026-05-11T08:54:35
================================================================================
[2026-05-11T08:55:36.475+0000] {manager.py:878} INFO - 
================================================================================
DAG File Processing Stats

File Path                           PID  Runtime      # DAGs    # Errors  Last Runtime    Last Run
--------------------------------  -----  ---------  --------  ----------  --------------  -------------------
/opt/airflow/dags/newsbot_dag.py    275  0.00s             1           0  0.18s           2026-05-11T08:55:06
================================================================================
[2026-05-11T08:55:59.670+0000] {manager.py:737} INFO - Searching for files in /opt/airflow/dags
[2026-05-11T08:55:59.700+0000] {manager.py:740} INFO - There are 1 files in /opt/airflow/dags
[2026-05-11T08:56:06.817+0000] {manager.py:878} INFO - 
================================================================================
DAG File Processing Stats

File Path                           PID  Runtime      # DAGs    # Errors  Last Runtime    Last Run
--------------------------------  -----  ---------  --------  ----------  --------------  -------------------
/opt/airflow/dags/newsbot_dag.py    285  0.00s             1           0  0.22s           2026-05-11T08:56:05
================================================================================
[2026-05-11T08:56:37.026+0000] {manager.py:878} INFO - 
================================================================================
DAG File Processing Stats

File Path                           PID  Runtime      # DAGs    # Errors  Last Runtime    Last Run
--------------------------------  -----  ---------  --------  ----------  --------------  -------------------
/opt/airflow/dags/newsbot_dag.py    296  0.00s             1           0  0.15s           2026-05-11T08:56:06
================================================================================
[2026-05-11T08:57:07.345+0000] {manager.py:878} INFO - 
================================================================================
DAG File Processing Stats

File Path                           PID  Runtime      # DAGs    # Errors  Last Runtime    Last Run
--------------------------------  -----  ---------  --------  ----------  --------------  -------------------
/opt/airflow/dags/newsbot_dag.py    301  0.00s             1           0  0.12s           2026-05-11T08:56:37
================================================================================
[2026-05-11T08:57:37.569+0000] {manager.py:878} INFO - 
================================================================================
DAG File Processing Stats

File Path                           PID  Runtime      # DAGs    # Errors  Last Runtime    Last Run
--------------------------------  -----  ---------  --------  ----------  --------------  -------------------
/opt/airflow/dags/newsbot_dag.py    309  0.00s             1           0  0.16s           2026-05-11T08:57:07
================================================================================
[2026-05-11T08:58:07.936+0000] {manager.py:878} INFO - 
================================================================================
DAG File Processing Stats

File Path                           PID  Runtime      # DAGs    # Errors  Last Runtime    Last Run
--------------------------------  -----  ---------  --------  ----------  --------------  -------------------
/opt/airflow/dags/newsbot_dag.py    314  0.00s             1           0  0.15s           2026-05-11T08:57:37
================================================================================
[2026-05-11T08:58:38.149+0000] {manager.py:878} INFO - 
================================================================================
DAG File Processing Stats

File Path                           PID  Runtime      # DAGs    # Errors  Last Runtime    Last Run
--------------------------------  -----  ---------  --------  ----------  --------------  -------------------
/opt/airflow/dags/newsbot_dag.py    325  0.00s             1           0  0.18s           2026-05-11T08:58:08
================================================================================
[2026-05-11T08:59:08.526+0000] {manager.py:878} INFO - 
================================================================================
DAG File Processing Stats

File Path                           PID  Runtime      # DAGs    # Errors  Last Runtime    Last Run
--------------------------------  -----  ---------  --------  ----------  --------------  -------------------
/opt/airflow/dags/newsbot_dag.py    330  0.00s             1           0  0.16s           2026-05-11T08:58:38
================================================================================
[2026-05-11T08:59:38.771+0000] {manager.py:878} INFO - 
================================================================================
DAG File Processing Stats

File Path                           PID  Runtime      # DAGs    # Errors  Last Runtime    Last Run
--------------------------------  -----  ---------  --------  ----------  --------------  -------------------
/opt/airflow/dags/newsbot_dag.py    338  0.01s             1           0  0.13s           2026-05-11T08:59:08
================================================================================
[2026-05-11T09:00:09.082+0000] {manager.py:878} INFO - 
================================================================================
DAG File Processing Stats

File Path                           PID  Runtime      # DAGs    # Errors  Last Runtime    Last Run
--------------------------------  -----  ---------  --------  ----------  --------------  -------------------
/opt/airflow/dags/newsbot_dag.py    343  0.00s             1           0  0.16s           2026-05-11T08:59:38
================================================================================
[2026-05-11T09:00:39.371+0000] {manager.py:878} INFO - 
================================================================================
DAG File Processing Stats

File Path                           PID  Runtime      # DAGs    # Errors  Last Runtime    Last Run
--------------------------------  -----  ---------  --------  ----------  --------------  -------------------
/opt/airflow/dags/newsbot_dag.py    348  0.00s             1           0  0.17s           2026-05-11T09:00:09
================================================================================
[2026-05-11T09:00:59.675+0000] {manager.py:737} INFO - Searching for files in /opt/airflow/dags
[2026-05-11T09:00:59.707+0000] {manager.py:740} INFO - There are 1 files in /opt/airflow/dags
[2026-05-11T09:01:09.751+0000] {manager.py:878} INFO - 
================================================================================
DAG File Processing Stats

File Path                           PID  Runtime      # DAGs    # Errors  Last Runtime    Last Run
--------------------------------  -----  ---------  --------  ----------  --------------  -------------------
/opt/airflow/dags/newsbot_dag.py    353  0.00s             1           0  0.15s           2026-05-11T09:00:39
================================================================================
[2026-05-11T09:01:40.029+0000] {manager.py:878} INFO - 
================================================================================
DAG File Processing Stats

File Path                           PID  Runtime      # DAGs    # Errors  Last Runtime    Last Run
--------------------------------  -----  ---------  --------  ----------  --------------  -------------------
/opt/airflow/dags/newsbot_dag.py    358  0.00s             1           0  0.12s           2026-05-11T09:01:09
================================================================================
[2026-05-11T09:02:10.342+0000] {manager.py:878} INFO - 
================================================================================
DAG File Processing Stats

File Path                           PID  Runtime      # DAGs    # Errors  Last Runtime    Last Run
--------------------------------  -----  ---------  --------  ----------  --------------  -------------------
/opt/airflow/dags/newsbot_dag.py    427  0.00s             1           0  0.14s           2026-05-11T09:01:40
================================================================================
[2026-05-11T09:02:10.522+0000] {manager.py:452} INFO - Exiting gracefully upon receiving signal 15
