[2026-05-11T08:59:26.304+0000] {local_task_job_runner.py:120} INFO - ::group::Pre task execution logs
[2026-05-11T08:59:26.334+0000] {taskinstance.py:2076} INFO - Dependencies all met for dep_context=non-requeueable deps ti=<TaskInstance: newsbot_daily_workflow.summarize_latest_articles manual__2026-05-11T08:56:33.918341+00:00 [queued]>
[2026-05-11T08:59:26.341+0000] {taskinstance.py:2076} INFO - Dependencies all met for dep_context=requeueable deps ti=<TaskInstance: newsbot_daily_workflow.summarize_latest_articles manual__2026-05-11T08:56:33.918341+00:00 [queued]>
[2026-05-11T08:59:26.342+0000] {taskinstance.py:2306} INFO - Starting attempt 1 of 2
[2026-05-11T08:59:26.351+0000] {taskinstance.py:2330} INFO - Executing <Task(BashOperator): summarize_latest_articles> on 2026-05-11 08:56:33.918341+00:00
[2026-05-11T08:59:26.355+0000] {standard_task_runner.py:63} INFO - Started process 336 to run task
[2026-05-11T08:59:26.357+0000] {standard_task_runner.py:90} INFO - Running: ['***', 'tasks', 'run', 'newsbot_daily_workflow', 'summarize_latest_articles', 'manual__2026-05-11T08:56:33.918341+00:00', '--job-id', '7', '--raw', '--subdir', 'DAGS_FOLDER/newsbot_dag.py', '--cfg-path', '/tmp/tmpx3s1bo0j']
[2026-05-11T08:59:26.359+0000] {standard_task_runner.py:91} INFO - Job 7: Subtask summarize_latest_articles
[2026-05-11T08:59:26.380+0000] {logging_mixin.py:188} WARNING - /home/***/.local/lib/python3.11/site-packages/***/settings.py:195 DeprecationWarning: The sql_alchemy_conn option in [core] has been moved to the sql_alchemy_conn option in [database] - the old setting has been used, but please update your config.
[2026-05-11T08:59:26.439+0000] {task_command.py:426} INFO - Running <TaskInstance: newsbot_daily_workflow.summarize_latest_articles manual__2026-05-11T08:56:33.918341+00:00 [running]> on host 70394b7246a3
[2026-05-11T08:59:26.723+0000] {taskinstance.py:2648} INFO - Exporting env vars: AIRFLOW_CTX_DAG_OWNER='newsbot' AIRFLOW_CTX_DAG_ID='newsbot_daily_workflow' AIRFLOW_CTX_TASK_ID='summarize_latest_articles' AIRFLOW_CTX_EXECUTION_DATE='2026-05-11T08:56:33.918341+00:00' AIRFLOW_CTX_TRY_NUMBER='1' AIRFLOW_CTX_DAG_RUN_ID='manual__2026-05-11T08:56:33.918341+00:00'
[2026-05-11T08:59:26.724+0000] {taskinstance.py:430} INFO - ::endgroup::
[2026-05-11T08:59:26.745+0000] {subprocess.py:63} INFO - Tmp dir root location: /tmp
[2026-05-11T08:59:26.748+0000] {subprocess.py:75} INFO - Running command: ['/usr/bin/bash', '-c', 'cd /opt/***/app && python run_summary.py']
[2026-05-11T08:59:26.761+0000] {subprocess.py:86} INFO - Output:
[2026-05-11T08:59:41.555+0000] {local_task_job_runner.py:310} WARNING - State of this instance has been externally set to None. Terminating instance.
[2026-05-11T08:59:41.556+0000] {local_task_job_runner.py:222} INFO - ::endgroup::
[2026-05-11T08:59:41.561+0000] {process_utils.py:132} INFO - Sending 15 to group 336. PIDs of all processes in the group: [337, 336]
[2026-05-11T08:59:41.562+0000] {process_utils.py:87} INFO - Sending the signal 15 to group 336
[2026-05-11T08:59:41.563+0000] {taskinstance.py:2611} ERROR - Received SIGTERM. Terminating subprocesses.
[2026-05-11T08:59:41.565+0000] {subprocess.py:104} INFO - Sending SIGTERM signal to process group
[2026-05-11T08:59:41.567+0000] {taskinstance.py:441} INFO - ::group::Post task execution logs
[2026-05-11T08:59:41.588+0000] {taskinstance.py:2905} ERROR - Task failed with exception
Traceback (most recent call last):
  File "/home/airflow/.local/lib/python3.11/site-packages/airflow/models/taskinstance.py", line 465, in _execute_task
    result = _execute_callable(context=context, **execute_callable_kwargs)
             ^^^^^^^^^^^^^^^^^^^^^^^^^^^^^^^^^^^^^^^^^^^^^^^^^^^^^^^^^^^^^
  File "/home/airflow/.local/lib/python3.11/site-packages/airflow/models/taskinstance.py", line 432, in _execute_callable
    return execute_callable(context=context, **execute_callable_kwargs)
           ^^^^^^^^^^^^^^^^^^^^^^^^^^^^^^^^^^^^^^^^^^^^^^^^^^^^^^^^^^^^
  File "/home/airflow/.local/lib/python3.11/site-packages/airflow/models/baseoperator.py", line 400, in wrapper
    return func(self, *args, **kwargs)
           ^^^^^^^^^^^^^^^^^^^^^^^^^^^
  File "/home/airflow/.local/lib/python3.11/site-packages/airflow/operators/bash.py", line 234, in execute
    result = self.subprocess_hook.run_command(
             ^^^^^^^^^^^^^^^^^^^^^^^^^^^^^^^^^
  File "/home/airflow/.local/lib/python3.11/site-packages/airflow/hooks/subprocess.py", line 91, in run_command
    for raw_line in iter(self.sub_process.stdout.readline, b""):
  File "/home/airflow/.local/lib/python3.11/site-packages/airflow/models/taskinstance.py", line 2613, in signal_handler
    raise AirflowTaskTerminated("Task received SIGTERM signal")
airflow.exceptions.AirflowTaskTerminated: Task received SIGTERM signal
[2026-05-11T08:59:41.598+0000] {taskinstance.py:1206} INFO - Marking task as FAILED. dag_id=newsbot_daily_workflow, task_id=summarize_latest_articles, run_id=manual__2026-05-11T08:56:33.918341+00:00, execution_date=20260511T085633, start_date=20260511T085926, end_date=20260511T085941
[2026-05-11T08:59:41.613+0000] {standard_task_runner.py:110} ERROR - Failed to execute job 7 for task summarize_latest_articles ((psycopg2.errors.ForeignKeyViolation) insert or update on table "task_fail" violates foreign key constraint "task_fail_ti_fkey"
DETAIL:  Key (dag_id, task_id, run_id, map_index)=(newsbot_daily_workflow, summarize_latest_articles, manual__2026-05-11T08:56:33.918341+00:00, -1) is not present in table "task_instance".

[SQL: INSERT INTO task_fail (task_id, dag_id, run_id, map_index, start_date, end_date, duration) VALUES (%(task_id)s, %(dag_id)s, %(run_id)s, %(map_index)s, %(start_date)s, %(end_date)s, %(duration)s) RETURNING task_fail.id]
[parameters: {'task_id': 'summarize_latest_articles', 'dag_id': 'newsbot_daily_workflow', 'run_id': 'manual__2026-05-11T08:56:33.918341+00:00', 'map_index': -1, 'start_date': datetime.datetime(2026, 5, 11, 8, 59, 26, 335350, tzinfo=Timezone('UTC')), 'end_date': datetime.datetime(2026, 5, 11, 8, 59, 41, 597296, tzinfo=Timezone('UTC')), 'duration': 15}]
(Background on this error at: https://sqlalche.me/e/14/gkpj); 336)
[2026-05-11T08:59:41.656+0000] {process_utils.py:80} INFO - Process psutil.Process(pid=336, status='terminated', exitcode=1, started='08:59:25') (336) terminated with exit code 1
[2026-05-11T08:59:41.658+0000] {process_utils.py:80} INFO - Process psutil.Process(pid=337, status='terminated', started='08:59:26') (337) terminated with exit code None
